<?xml version="1.0" encoding="UTF-8"?>
<testng-results skipped="0" failed="0" ignored="2" total="4" passed="2">
  <reporter-output>
  </reporter-output>
  <suite name="Suite" duration-ms="1805482" started-at="2018-11-19T07:14:10Z" finished-at="2018-11-19T07:44:15Z">
    <groups>
    </groups>
    <test name="Test" duration-ms="38996" started-at="2018-11-19T07:14:10Z" finished-at="2018-11-19T07:14:49Z">
      <class name="test_one.Example1">
        <test-method status="PASS" signature="initial_setup(java.lang.String, java.lang.String, java.lang.String)[pri:0, instance:test_one.Example1@26653222]" name="initial_setup" is-config="true" duration-ms="2496" started-at="2018-11-19T07:14:10Z" finished-at="2018-11-19T07:14:12Z">
          <params>
            <param index="0">
              <value>
                <![CDATA[chrome]]>
              </value>
            </param>
            <param index="1">
              <value>
                <![CDATA[firefox]]>
              </value>
            </param>
            <param index="2">
              <value>
                <![CDATA[remote]]>
              </value>
            </param>
          </params>
          <reporter-output>
          </reporter-output>
        </test-method> <!-- initial_setup -->
        <test-method status="PASS" signature="test1()[pri:0, instance:test_one.Example1@26653222]" name="test1" duration-ms="35935" started-at="2018-11-19T07:14:12Z" finished-at="2018-11-19T07:14:48Z">
          <reporter-output>
          </reporter-output>
        </test-method> <!-- test1 -->
        <test-method status="PASS" signature="afterMethod(org.testng.ITestResult)[pri:0, instance:test_one.Example1@26653222]" name="afterMethod" is-config="true" duration-ms="423" started-at="2018-11-19T07:14:48Z" finished-at="2018-11-19T07:14:48Z">
          <params>
            <param index="0">
              <value>
                <![CDATA[[TestResult name=test1 status=SUCCESS method=Example1.test1()[pri:0, instance:test_one.Example1@26653222] output={null}]]]>
              </value>
            </param>
          </params>
          <reporter-output>
          </reporter-output>
        </test-method> <!-- afterMethod -->
        <test-method status="PASS" signature="after_test()[pri:0, instance:test_one.Example1@26653222]" name="after_test" is-config="true" duration-ms="124" started-at="2018-11-19T07:14:48Z" finished-at="2018-11-19T07:14:49Z">
          <reporter-output>
          </reporter-output>
        </test-method> <!-- after_test -->
      </class> <!-- test_one.Example1 -->
    </test> <!-- Test -->
    <test name="Test2" duration-ms="1805482" started-at="2018-11-19T07:14:10Z" finished-at="2018-11-19T07:44:15Z">
      <class name="test_one.Example1">
        <test-method status="PASS" signature="initial_setup(java.lang.String, java.lang.String, java.lang.String)[pri:0, instance:test_one.Example1@464bee09]" name="initial_setup" is-config="true" duration-ms="1770931" started-at="2018-11-19T07:14:10Z" finished-at="2018-11-19T07:43:40Z">
          <params>
            <param index="0">
              <value>
                <![CDATA[firefox]]>
              </value>
            </param>
            <param index="1">
              <value>
                <![CDATA[firefox]]>
              </value>
            </param>
            <param index="2">
              <value>
                <![CDATA[remote]]>
              </value>
            </param>
          </params>
          <reporter-output>
          </reporter-output>
        </test-method> <!-- initial_setup -->
        <test-method status="PASS" signature="test1()[pri:0, instance:test_one.Example1@464bee09]" name="test1" duration-ms="32914" started-at="2018-11-19T07:43:40Z" finished-at="2018-11-19T07:44:13Z">
          <reporter-output>
          </reporter-output>
        </test-method> <!-- test1 -->
        <test-method status="PASS" signature="afterMethod(org.testng.ITestResult)[pri:0, instance:test_one.Example1@464bee09]" name="afterMethod" is-config="true" duration-ms="1448" started-at="2018-11-19T07:44:13Z" finished-at="2018-11-19T07:44:15Z">
          <params>
            <param index="0">
              <value>
                <![CDATA[[TestResult name=test1 status=SUCCESS method=Example1.test1()[pri:0, instance:test_one.Example1@464bee09] output={null}]]]>
              </value>
            </param>
          </params>
          <reporter-output>
          </reporter-output>
        </test-method> <!-- afterMethod -->
        <test-method status="PASS" signature="after_test()[pri:0, instance:test_one.Example1@464bee09]" name="after_test" is-config="true" duration-ms="180" started-at="2018-11-19T07:44:15Z" finished-at="2018-11-19T07:44:15Z">
          <reporter-output>
          </reporter-output>
        </test-method> <!-- after_test -->
      </class> <!-- test_one.Example1 -->
    </test> <!-- Test2 -->
  </suite> <!-- Suite -->
</testng-results>
