<?xml version="1.0" encoding="UTF-8"?>
<testng-results skipped="0" failed="0" ignored="1" total="3" passed="2">
  <reporter-output>
  </reporter-output>
  <suite name="Suite" duration-ms="51067" started-at="2018-11-16T09:00:36Z" finished-at="2018-11-16T09:01:27Z">
    <groups>
    </groups>
    <test name="Test" duration-ms="39972" started-at="2018-11-16T09:00:36Z" finished-at="2018-11-16T09:01:16Z">
      <class name="test_one.Example1">
        <test-method status="PASS" signature="initial_setup(java.lang.String, java.lang.String, java.lang.String)[pri:0, instance:test_one.Example1@26653222]" name="initial_setup" is-config="true" duration-ms="2986" started-at="2018-11-16T09:00:36Z" finished-at="2018-11-16T09:00:39Z">
          <params>
            <param index="0">
              <value>
                <![CDATA[chrome]]>
              </value>
            </param>
            <param index="1">
              <value>
                <![CDATA[firefox]]>
              </value>
            </param>
            <param index="2">
              <value>
                <![CDATA[remote]]>
              </value>
            </param>
          </params>
          <reporter-output>
          </reporter-output>
        </test-method> <!-- initial_setup -->
        <test-method status="PASS" signature="test1()[pri:0, instance:test_one.Example1@26653222]" name="test1" duration-ms="36378" started-at="2018-11-16T09:00:39Z" finished-at="2018-11-16T09:01:16Z">
          <reporter-output>
          </reporter-output>
        </test-method> <!-- test1 -->
        <test-method status="PASS" signature="afterMethod(org.testng.ITestResult)[pri:0, instance:test_one.Example1@26653222]" name="afterMethod" is-config="true" duration-ms="398" started-at="2018-11-16T09:01:16Z" finished-at="2018-11-16T09:01:16Z">
          <params>
            <param index="0">
              <value>
                <![CDATA[[TestResult name=test1 status=SUCCESS method=Example1.test1()[pri:0, instance:test_one.Example1@26653222] output={null}]]]>
              </value>
            </param>
          </params>
          <reporter-output>
          </reporter-output>
        </test-method> <!-- afterMethod -->
        <test-method status="PASS" signature="after_test()[pri:0, instance:test_one.Example1@26653222]" name="after_test" is-config="true" duration-ms="193" started-at="2018-11-16T09:01:16Z" finished-at="2018-11-16T09:01:16Z">
          <reporter-output>
          </reporter-output>
        </test-method> <!-- after_test -->
      </class> <!-- test_one.Example1 -->
    </test> <!-- Test -->
    <test name="Test2" duration-ms="51067" started-at="2018-11-16T09:00:36Z" finished-at="2018-11-16T09:01:27Z">
      <class name="test_one.Example2">
        <test-method status="PASS" signature="initial_setup(java.lang.String, java.lang.String, java.lang.String)[pri:0, instance:test_one.Example2@f6c48ac]" name="initial_setup" is-config="true" duration-ms="4643" started-at="2018-11-16T09:00:36Z" finished-at="2018-11-16T09:00:41Z">
          <params>
            <param index="0">
              <value>
                <![CDATA[firefox]]>
              </value>
            </param>
            <param index="1">
              <value>
                <![CDATA[firefox]]>
              </value>
            </param>
            <param index="2">
              <value>
                <![CDATA[local]]>
              </value>
            </param>
          </params>
          <reporter-output>
          </reporter-output>
        </test-method> <!-- initial_setup -->
        <test-method status="PASS" signature="test3()[pri:0, instance:test_one.Example2@f6c48ac]" name="test3" duration-ms="44446" started-at="2018-11-16T09:00:41Z" finished-at="2018-11-16T09:01:25Z">
          <reporter-output>
          </reporter-output>
        </test-method> <!-- test3 -->
        <test-method status="PASS" signature="afterMethod(org.testng.ITestResult)[pri:0, instance:test_one.Example2@f6c48ac]" name="afterMethod" is-config="true" duration-ms="285" started-at="2018-11-16T09:01:25Z" finished-at="2018-11-16T09:01:26Z">
          <params>
            <param index="0">
              <value>
                <![CDATA[[TestResult name=test3 status=SUCCESS method=Example2.test3()[pri:0, instance:test_one.Example2@f6c48ac] output={null}]]]>
              </value>
            </param>
          </params>
          <reporter-output>
          </reporter-output>
        </test-method> <!-- afterMethod -->
        <test-method status="PASS" signature="after_test()[pri:0, instance:test_one.Example2@f6c48ac]" name="after_test" is-config="true" duration-ms="1684" started-at="2018-11-16T09:01:26Z" finished-at="2018-11-16T09:01:27Z">
          <reporter-output>
          </reporter-output>
        </test-method> <!-- after_test -->
      </class> <!-- test_one.Example2 -->
    </test> <!-- Test2 -->
  </suite> <!-- Suite -->
</testng-results>
